0 info it worked if it ends with ok
1 verbose cli [ 'C:\\Program Files\\nodejs\\node.exe',
1 verbose cli   'C:\\Program Files\\nodejs\\node_modules\\npm\\bin\\npm-cli.js',
1 verbose cli   'install',
1 verbose cli   'sleep',
1 verbose cli   '--save' ]
2 info using npm@3.9.3
3 info using node@v6.2.1
4 silly loadCurrentTree Starting
5 silly install loadCurrentTree
6 silly install readLocalPackageData
7 silly fetchPackageMetaData sleep
8 silly fetchNamedPackageData sleep
9 silly mapToRegistry name sleep
10 silly mapToRegistry using default registry
11 silly mapToRegistry registry https://registry.npmjs.org/
12 silly mapToRegistry data Result {
12 silly mapToRegistry   raw: 'sleep',
12 silly mapToRegistry   scope: null,
12 silly mapToRegistry   name: 'sleep',
12 silly mapToRegistry   rawSpec: '',
12 silly mapToRegistry   spec: 'latest',
12 silly mapToRegistry   type: 'tag' }
13 silly mapToRegistry uri https://registry.npmjs.org/sleep
14 verbose request uri https://registry.npmjs.org/sleep
15 verbose request no auth needed
16 info attempt registry request try #1 at 03:24:33
17 verbose request id de2777026e652dcc
18 http request GET https://registry.npmjs.org/sleep
19 http 200 https://registry.npmjs.org/sleep
20 verbose headers { server: 'CouchDB/1.5.0 (Erlang OTP/R16B03)',
20 verbose headers   etag: '"D6ZSM4BTOBAMTTKOZ9G36D6PY"',
20 verbose headers   'content-type': 'application/json',
20 verbose headers   'content-encoding': 'gzip',
20 verbose headers   'cache-control': 'max-age=300',
20 verbose headers   'content-length': '3147',
20 verbose headers   'accept-ranges': 'bytes',
20 verbose headers   date: 'Sun, 23 Oct 2016 08:24:34 GMT',
20 verbose headers   via: '1.1 varnish',
20 verbose headers   age: '0',
20 verbose headers   connection: 'keep-alive',
20 verbose headers   'x-served-by': 'cache-ord1732-ORD',
20 verbose headers   'x-cache': 'HIT',
20 verbose headers   'x-cache-hits': '1',
20 verbose headers   'x-timer': 'S1477211074.535483,VS0,VE348',
20 verbose headers   vary: 'Accept-Encoding' }
21 silly get cb [ 200,
21 silly get   { server: 'CouchDB/1.5.0 (Erlang OTP/R16B03)',
21 silly get     etag: '"D6ZSM4BTOBAMTTKOZ9G36D6PY"',
21 silly get     'content-type': 'application/json',
21 silly get     'content-encoding': 'gzip',
21 silly get     'cache-control': 'max-age=300',
21 silly get     'content-length': '3147',
21 silly get     'accept-ranges': 'bytes',
21 silly get     date: 'Sun, 23 Oct 2016 08:24:34 GMT',
21 silly get     via: '1.1 varnish',
21 silly get     age: '0',
21 silly get     connection: 'keep-alive',
21 silly get     'x-served-by': 'cache-ord1732-ORD',
21 silly get     'x-cache': 'HIT',
21 silly get     'x-cache-hits': '1',
21 silly get     'x-timer': 'S1477211074.535483,VS0,VE348',
21 silly get     vary: 'Accept-Encoding' } ]
22 verbose get saving sleep to C:\Users\JW\AppData\Roaming\npm-cache\registry.npmjs.org\sleep\.cache.json
23 verbose correctMkdir C:\Users\JW\AppData\Roaming\npm-cache correctMkdir not in flight; initializing
24 silly install normalizeTree
25 silly loadCurrentTree Finishing
26 silly loadIdealTree Starting
27 silly install loadIdealTree
28 silly cloneCurrentTree Starting
29 silly install cloneCurrentTreeToIdealTree
30 silly cloneCurrentTree Finishing
31 silly loadShrinkwrap Starting
32 silly install loadShrinkwrap
33 silly loadShrinkwrap Finishing
34 silly loadAllDepsIntoIdealTree Starting
35 silly install loadAllDepsIntoIdealTree
36 silly resolveWithNewModule sleep@4.0.0 checking installable status
37 silly cache add args [ 'sleep', null ]
38 verbose cache add spec sleep
39 silly cache add parsed spec Result {
39 silly cache add   raw: 'sleep',
39 silly cache add   scope: null,
39 silly cache add   name: 'sleep',
39 silly cache add   rawSpec: '',
39 silly cache add   spec: 'latest',
39 silly cache add   type: 'tag' }
40 silly addNamed sleep@latest
41 verbose addNamed "latest" is being treated as a dist-tag for sleep
42 info addNameTag [ 'sleep', 'latest' ]
43 silly mapToRegistry name sleep
44 silly mapToRegistry using default registry
45 silly mapToRegistry registry https://registry.npmjs.org/
46 silly mapToRegistry data Result {
46 silly mapToRegistry   raw: 'sleep',
46 silly mapToRegistry   scope: null,
46 silly mapToRegistry   name: 'sleep',
46 silly mapToRegistry   rawSpec: '',
46 silly mapToRegistry   spec: 'latest',
46 silly mapToRegistry   type: 'tag' }
47 silly mapToRegistry uri https://registry.npmjs.org/sleep
48 verbose addNameTag registry:https://registry.npmjs.org/sleep not in flight; fetching
49 verbose get https://registry.npmjs.org/sleep not expired, no request
50 silly addNameTag next cb for sleep with tag latest
51 silly addNamed sleep@4.0.0
52 verbose addNamed "4.0.0" is a plain semver version for sleep
53 silly mapToRegistry name sleep
54 silly mapToRegistry using default registry
55 silly mapToRegistry registry https://registry.npmjs.org/
56 silly mapToRegistry data Result {
56 silly mapToRegistry   raw: 'sleep',
56 silly mapToRegistry   scope: null,
56 silly mapToRegistry   name: 'sleep',
56 silly mapToRegistry   rawSpec: '',
56 silly mapToRegistry   spec: 'latest',
56 silly mapToRegistry   type: 'tag' }
57 silly mapToRegistry uri https://registry.npmjs.org/sleep
58 verbose addRemoteTarball https://registry.npmjs.org/sleep/-/sleep-4.0.0.tgz not in flight; adding
59 verbose addRemoteTarball [ 'https://registry.npmjs.org/sleep/-/sleep-4.0.0.tgz',
59 verbose addRemoteTarball   '8d465f9671cbef89d5688150ff2edf9c9e6a9879' ]
60 info retry fetch attempt 1 at 03:24:34
61 info attempt registry request try #1 at 03:24:34
62 http fetch GET https://registry.npmjs.org/sleep/-/sleep-4.0.0.tgz
63 http fetch 200 https://registry.npmjs.org/sleep/-/sleep-4.0.0.tgz
64 silly fetchAndShaCheck shasum 8d465f9671cbef89d5688150ff2edf9c9e6a9879
65 verbose addTmpTarball C:\Users\JW\AppData\Local\Temp\npm-5248-0b997782\registry.npmjs.org\sleep\-\sleep-4.0.0.tgz not in flight; adding
66 verbose addTmpTarball already have metadata; skipping unpack for sleep@4.0.0
67 verbose correctMkdir C:\Users\JW\AppData\Roaming\npm-cache correctMkdir not in flight; initializing
68 silly cache afterAdd sleep@4.0.0
69 verbose afterAdd C:\Users\JW\AppData\Roaming\npm-cache\sleep\4.0.0\package\package.json not in flight; writing
70 verbose correctMkdir C:\Users\JW\AppData\Roaming\npm-cache correctMkdir not in flight; initializing
71 verbose afterAdd C:\Users\JW\AppData\Roaming\npm-cache\sleep\4.0.0\package\package.json written
72 silly fetchNamedPackageData nan
73 silly mapToRegistry name nan
74 silly mapToRegistry using default registry
75 silly mapToRegistry registry https://registry.npmjs.org/
76 silly mapToRegistry data Result {
76 silly mapToRegistry   raw: 'nan',
76 silly mapToRegistry   scope: null,
76 silly mapToRegistry   name: 'nan',
76 silly mapToRegistry   rawSpec: '',
76 silly mapToRegistry   spec: 'latest',
76 silly mapToRegistry   type: 'tag' }
77 silly mapToRegistry uri https://registry.npmjs.org/nan
78 verbose request uri https://registry.npmjs.org/nan
79 verbose request no auth needed
80 info attempt registry request try #1 at 03:24:34
81 verbose etag "2QXFPVXUU9DUUTAACVV4FOU2Z"
82 http request GET https://registry.npmjs.org/nan
83 http 304 https://registry.npmjs.org/nan
84 verbose headers { date: 'Sun, 23 Oct 2016 08:24:35 GMT',
84 verbose headers   via: '1.1 varnish',
84 verbose headers   'cache-control': 'max-age=300',
84 verbose headers   etag: '"2QXFPVXUU9DUUTAACVV4FOU2Z"',
84 verbose headers   age: '97',
84 verbose headers   connection: 'keep-alive',
84 verbose headers   'x-served-by': 'cache-ord1732-ORD',
84 verbose headers   'x-cache': 'HIT',
84 verbose headers   'x-cache-hits': '2',
84 verbose headers   'x-timer': 'S1477211075.251212,VS0,VE0',
84 verbose headers   vary: 'Accept-Encoding' }
85 silly get cb [ 304,
85 silly get   { date: 'Sun, 23 Oct 2016 08:24:35 GMT',
85 silly get     via: '1.1 varnish',
85 silly get     'cache-control': 'max-age=300',
85 silly get     etag: '"2QXFPVXUU9DUUTAACVV4FOU2Z"',
85 silly get     age: '97',
85 silly get     connection: 'keep-alive',
85 silly get     'x-served-by': 'cache-ord1732-ORD',
85 silly get     'x-cache': 'HIT',
85 silly get     'x-cache-hits': '2',
85 silly get     'x-timer': 'S1477211075.251212,VS0,VE0',
85 silly get     vary: 'Accept-Encoding' } ]
86 verbose etag https://registry.npmjs.org/nan from cache
87 verbose get saving nan to C:\Users\JW\AppData\Roaming\npm-cache\registry.npmjs.org\nan\.cache.json
88 verbose correctMkdir C:\Users\JW\AppData\Roaming\npm-cache correctMkdir not in flight; initializing
89 silly resolveWithNewModule nan@2.4.0 checking installable status
90 silly cache add args [ 'nan@>=2.0.0', null ]
91 verbose cache add spec nan@>=2.0.0
92 silly cache add parsed spec Result {
92 silly cache add   raw: 'nan@>=2.0.0',
92 silly cache add   scope: null,
92 silly cache add   name: 'nan',
92 silly cache add   rawSpec: '>=2.0.0',
92 silly cache add   spec: '>=2.0.0',
92 silly cache add   type: 'range' }
93 silly addNamed nan@>=2.0.0
94 verbose addNamed ">=2.0.0" is a valid semver range for nan
95 silly addNameRange { name: 'nan', range: '>=2.0.0', hasData: false }
96 silly mapToRegistry name nan
97 silly mapToRegistry using default registry
98 silly mapToRegistry registry https://registry.npmjs.org/
99 silly mapToRegistry data Result {
99 silly mapToRegistry   raw: 'nan',
99 silly mapToRegistry   scope: null,
99 silly mapToRegistry   name: 'nan',
99 silly mapToRegistry   rawSpec: '',
99 silly mapToRegistry   spec: 'latest',
99 silly mapToRegistry   type: 'tag' }
100 silly mapToRegistry uri https://registry.npmjs.org/nan
101 verbose addNameRange registry:https://registry.npmjs.org/nan not in flight; fetching
102 verbose get https://registry.npmjs.org/nan not expired, no request
103 silly addNameRange number 2 { name: 'nan', range: '>=2.0.0', hasData: true }
104 silly addNameRange versions [ 'nan',
104 silly addNameRange   [ '0.3.0-wip',
104 silly addNameRange     '0.3.0-wip2',
104 silly addNameRange     '0.3.0',
104 silly addNameRange     '0.3.1',
104 silly addNameRange     '0.3.2',
104 silly addNameRange     '0.4.0',
104 silly addNameRange     '0.4.1',
104 silly addNameRange     '0.4.2',
104 silly addNameRange     '0.4.3',
104 silly addNameRange     '0.4.4',
104 silly addNameRange     '0.5.0',
104 silly addNameRange     '0.5.1',
104 silly addNameRange     '0.5.2',
104 silly addNameRange     '0.6.0',
104 silly addNameRange     '0.7.0',
104 silly addNameRange     '0.7.1',
104 silly addNameRange     '0.8.0',
104 silly addNameRange     '1.0.0',
104 silly addNameRange     '1.1.0',
104 silly addNameRange     '1.1.1',
104 silly addNameRange     '1.1.2',
104 silly addNameRange     '1.2.0',
104 silly addNameRange     '1.3.0',
104 silly addNameRange     '1.4.0',
104 silly addNameRange     '1.4.1',
104 silly addNameRange     '1.5.0',
104 silly addNameRange     '1.4.2',
104 silly addNameRange     '1.4.3',
104 silly addNameRange     '1.5.1',
104 silly addNameRange     '1.5.2',
104 silly addNameRange     '1.6.0',
104 silly addNameRange     '1.5.3',
104 silly addNameRange     '1.6.1',
104 silly addNameRange     '1.6.2',
104 silly addNameRange     '1.7.0',
104 silly addNameRange     '1.8.0',
104 silly addNameRange     '1.8.1',
104 silly addNameRange     '1.8.2',
104 silly addNameRange     '1.8.3',
104 silly addNameRange     '1.8.4',
104 silly addNameRange     '1.9.0',
104 silly addNameRange     '2.0.0',
104 silly addNameRange     '2.0.1',
104 silly addNameRange     '2.0.2',
104 silly addNameRange     '2.0.3',
104 silly addNameRange     '2.0.4',
104 silly addNameRange     '2.0.5',
104 silly addNameRange     '2.0.6',
104 silly addNameRange     '2.0.7',
104 silly addNameRange     '2.0.8',
104 silly addNameRange     '2.0.9',
104 silly addNameRange     '2.1.0',
104 silly addNameRange     '2.2.0',
104 silly addNameRange     '2.2.1',
104 silly addNameRange     '2.3.0',
104 silly addNameRange     '2.3.1',
104 silly addNameRange     '2.3.2',
104 silly addNameRange     '2.3.3',
104 silly addNameRange     '2.3.4',
104 silly addNameRange     '2.3.5',
104 silly addNameRange     '2.4.0' ] ]
105 silly addNamed nan@2.4.0
106 verbose addNamed "2.4.0" is a plain semver version for nan
107 silly cache afterAdd nan@2.4.0
108 verbose afterAdd C:\Users\JW\AppData\Roaming\npm-cache\nan\2.4.0\package\package.json not in flight; writing
109 verbose correctMkdir C:\Users\JW\AppData\Roaming\npm-cache correctMkdir not in flight; initializing
110 verbose afterAdd C:\Users\JW\AppData\Roaming\npm-cache\nan\2.4.0\package\package.json written
111 silly loadAllDepsIntoIdealTree Finishing
112 silly idealTree:prePrune getchristieahome-backend@1.0.0
112 silly idealTree:prePrune +-- accepts@1.3.3
112 silly idealTree:prePrune +-- ansi-regex@2.0.0
112 silly idealTree:prePrune +-- ansi-styles@2.2.1
112 silly idealTree:prePrune +-- array-flatten@1.1.1
112 silly idealTree:prePrune +-- asap@2.0.5
112 silly idealTree:prePrune +-- asn1@0.2.3
112 silly idealTree:prePrune +-- assert-plus@0.2.0
112 silly idealTree:prePrune +-- async@2.1.2
112 silly idealTree:prePrune +-- asynckit@0.4.0
112 silly idealTree:prePrune +-- aws-sign2@0.6.0
112 silly idealTree:prePrune +-- aws4@1.5.0
112 silly idealTree:prePrune +-- babel-runtime@5.8.38
112 silly idealTree:prePrune +-- base64-url@1.3.2
112 silly idealTree:prePrune +-- base64url@1.0.6
112 silly idealTree:prePrune +-- basic-auth@1.0.4
112 silly idealTree:prePrune +-- bcrypt-pbkdf@1.0.0
112 silly idealTree:prePrune +-- big-number@0.3.1
112 silly idealTree:prePrune +-- bl@1.1.2
112 silly idealTree:prePrune | +-- isarray@1.0.0
112 silly idealTree:prePrune | `-- readable-stream@2.0.6
112 silly idealTree:prePrune +-- body-parser@1.15.2
112 silly idealTree:prePrune +-- boom@2.10.1
112 silly idealTree:prePrune +-- buffer-equal-constant-time@1.0.1
112 silly idealTree:prePrune +-- buffer-shims@1.0.0
112 silly idealTree:prePrune +-- bytes@2.4.0
112 silly idealTree:prePrune +-- camelcase-keys@1.0.0
112 silly idealTree:prePrune +-- camelcase@1.2.1
112 silly idealTree:prePrune +-- caseless@0.11.0
112 silly idealTree:prePrune +-- chalk@1.1.3
112 silly idealTree:prePrune +-- check-types@1.3.2
112 silly idealTree:prePrune +-- combined-stream@1.0.5
112 silly idealTree:prePrune +-- commander@2.9.0
112 silly idealTree:prePrune +-- concat-stream@1.4.10
112 silly idealTree:prePrune | `-- readable-stream@1.1.14
112 silly idealTree:prePrune +-- content-disposition@0.5.1
112 silly idealTree:prePrune +-- content-type@1.0.2
112 silly idealTree:prePrune +-- cookie-signature@1.0.6
112 silly idealTree:prePrune +-- cookie@0.3.1
112 silly idealTree:prePrune +-- core-js@1.2.7
112 silly idealTree:prePrune +-- core-util-is@1.0.2
112 silly idealTree:prePrune +-- cryptiles@2.0.5
112 silly idealTree:prePrune +-- ctype@0.5.3
112 silly idealTree:prePrune +-- dashdash@1.14.0
112 silly idealTree:prePrune | `-- assert-plus@1.0.0
112 silly idealTree:prePrune +-- debug@2.2.0
112 silly idealTree:prePrune +-- delayed-stream@1.0.0
112 silly idealTree:prePrune +-- depd@1.1.0
112 silly idealTree:prePrune +-- deprecate@0.1.0
112 silly idealTree:prePrune +-- destroy@1.0.4
112 silly idealTree:prePrune +-- ecc-jsbn@0.1.1
112 silly idealTree:prePrune +-- ecdsa-sig-formatter@1.0.7
112 silly idealTree:prePrune +-- ee-first@1.1.1
112 silly idealTree:prePrune +-- encodeurl@1.0.1
112 silly idealTree:prePrune +-- escape-html@1.0.3
112 silly idealTree:prePrune +-- escape-string-regexp@1.0.5
112 silly idealTree:prePrune +-- etag@1.7.0
112 silly idealTree:prePrune +-- express@4.14.0
112 silly idealTree:prePrune +-- extend@3.0.0
112 silly idealTree:prePrune +-- extsprintf@1.0.2
112 silly idealTree:prePrune +-- finalhandler@0.5.0
112 silly idealTree:prePrune +-- firebase@3.5.1
112 silly idealTree:prePrune | +-- dom-storage@2.0.2
112 silly idealTree:prePrune | +-- faye-websocket@0.9.3
112 silly idealTree:prePrune | | `-- websocket-driver@0.6.4
112 silly idealTree:prePrune | |   `-- websocket-extensions@0.1.1
112 silly idealTree:prePrune | +-- jsonwebtoken@5.7.0
112 silly idealTree:prePrune | | +-- jws@3.1.3
112 silly idealTree:prePrune | | | +-- base64url@1.0.6
112 silly idealTree:prePrune | | | | +-- concat-stream@1.4.10
112 silly idealTree:prePrune | | | | | +-- inherits@2.0.1
112 silly idealTree:prePrune | | | | | +-- readable-stream@1.1.14
112 silly idealTree:prePrune | | | | | | +-- core-util-is@1.0.2
112 silly idealTree:prePrune | | | | | | +-- isarray@0.0.1
112 silly idealTree:prePrune | | | | | | `-- string_decoder@0.10.31
112 silly idealTree:prePrune | | | | | `-- typedarray@0.0.6
112 silly idealTree:prePrune | | | | `-- meow@2.0.0
112 silly idealTree:prePrune | | | |   +-- camelcase-keys@1.0.0
112 silly idealTree:prePrune | | | |   | +-- camelcase@1.2.1
112 silly idealTree:prePrune | | | |   | `-- map-obj@1.0.1
112 silly idealTree:prePrune | | | |   +-- indent-string@1.2.2
112 silly idealTree:prePrune | | | |   | +-- get-stdin@4.0.1
112 silly idealTree:prePrune | | | |   | `-- repeating@1.1.3
112 silly idealTree:prePrune | | | |   |   `-- is-finite@1.0.1
112 silly idealTree:prePrune | | | |   |     `-- number-is-nan@1.0.0
112 silly idealTree:prePrune | | | |   +-- minimist@1.2.0
112 silly idealTree:prePrune | | | |   `-- object-assign@1.0.0
112 silly idealTree:prePrune | | | `-- jwa@1.1.3
112 silly idealTree:prePrune | | |   +-- buffer-equal-constant-time@1.0.1
112 silly idealTree:prePrune | | |   `-- ecdsa-sig-formatter@1.0.5
112 silly idealTree:prePrune | | |     `-- base64-url@1.2.2
112 silly idealTree:prePrune | | +-- ms@0.7.1
112 silly idealTree:prePrune | | `-- xtend@4.0.1
112 silly idealTree:prePrune | +-- rsvp@3.2.1
112 silly idealTree:prePrune | `-- xmlhttprequest@1.8.0
112 silly idealTree:prePrune +-- forever-agent@0.6.1
112 silly idealTree:prePrune +-- form-data@2.0.0
112 silly idealTree:prePrune +-- forwarded@0.1.0
112 silly idealTree:prePrune +-- fresh@0.3.0
112 silly idealTree:prePrune +-- generate-function@2.0.0
112 silly idealTree:prePrune +-- generate-object-property@1.2.0
112 silly idealTree:prePrune +-- generic-pool@2.4.3
112 silly idealTree:prePrune +-- get-stdin@4.0.1
112 silly idealTree:prePrune +-- getpass@0.1.6
112 silly idealTree:prePrune | `-- assert-plus@1.0.0
112 silly idealTree:prePrune +-- googlemaps@1.11.1
112 silly idealTree:prePrune | +-- asn1@0.1.11
112 silly idealTree:prePrune | +-- assert-plus@0.1.5
112 silly idealTree:prePrune | +-- async@0.9.2
112 silly idealTree:prePrune | +-- aws-sign2@0.5.0
112 silly idealTree:prePrune | +-- bl@0.9.5
112 silly idealTree:prePrune | +-- boom@0.4.2
112 silly idealTree:prePrune | +-- caseless@0.6.0
112 silly idealTree:prePrune | +-- combined-stream@0.0.7
112 silly idealTree:prePrune | +-- cryptiles@0.2.2
112 silly idealTree:prePrune | +-- delayed-stream@0.0.5
112 silly idealTree:prePrune | +-- forever-agent@0.5.2
112 silly idealTree:prePrune | +-- form-data@0.1.4
112 silly idealTree:prePrune | +-- hawk@1.1.1
112 silly idealTree:prePrune | +-- hoek@0.9.1
112 silly idealTree:prePrune | +-- http-signature@0.10.1
112 silly idealTree:prePrune | +-- isarray@0.0.1
112 silly idealTree:prePrune | +-- mime-types@1.0.2
112 silly idealTree:prePrune | +-- mime@1.2.11
112 silly idealTree:prePrune | +-- oauth-sign@0.4.0
112 silly idealTree:prePrune | +-- qs@4.0.0
112 silly idealTree:prePrune | +-- readable-stream@1.0.34
112 silly idealTree:prePrune | +-- request@2.44.0
112 silly idealTree:prePrune | | `-- qs@1.2.2
112 silly idealTree:prePrune | `-- sntp@0.2.4
112 silly idealTree:prePrune +-- graceful-fs@4.1.9
112 silly idealTree:prePrune +-- graceful-readlink@1.0.1
112 silly idealTree:prePrune +-- har-validator@2.0.6
112 silly idealTree:prePrune +-- has-ansi@2.0.0
112 silly idealTree:prePrune +-- hawk@3.1.3
112 silly idealTree:prePrune +-- hoek@2.16.3
112 silly idealTree:prePrune +-- http-errors@1.5.0
112 silly idealTree:prePrune +-- http-signature@1.1.1
112 silly idealTree:prePrune +-- iconv-lite@0.4.13
112 silly idealTree:prePrune +-- indent-string@1.2.2
112 silly idealTree:prePrune +-- inherits@2.0.1
112 silly idealTree:prePrune +-- ipaddr.js@1.1.1
112 silly idealTree:prePrune +-- is-finite@1.0.2
112 silly idealTree:prePrune +-- is-my-json-valid@2.15.0
112 silly idealTree:prePrune +-- is-property@1.0.2
112 silly idealTree:prePrune +-- is-typedarray@1.0.0
112 silly idealTree:prePrune +-- isarray@0.0.1
112 silly idealTree:prePrune +-- isstream@0.1.2
112 silly idealTree:prePrune +-- jodid25519@1.0.2
112 silly idealTree:prePrune +-- jsbn@0.1.0
112 silly idealTree:prePrune +-- json-schema@0.2.3
112 silly idealTree:prePrune +-- json-stringify-safe@5.0.1
112 silly idealTree:prePrune +-- jsonfile@2.4.0
112 silly idealTree:prePrune +-- jsonpointer@4.0.0
112 silly idealTree:prePrune +-- jsonwebtoken@5.4.1
112 silly idealTree:prePrune +-- jsprim@1.3.1
112 silly idealTree:prePrune +-- jwa@1.1.3
112 silly idealTree:prePrune +-- jws@3.1.3
112 silly idealTree:prePrune +-- jwt-simple@0.1.0
112 silly idealTree:prePrune +-- lodash@4.16.4
112 silly idealTree:prePrune +-- map-obj@1.0.1
112 silly idealTree:prePrune +-- media-typer@0.3.0
112 silly idealTree:prePrune +-- meow@2.0.0
112 silly idealTree:prePrune +-- merge-descriptors@1.0.1
112 silly idealTree:prePrune +-- methods@1.1.2
112 silly idealTree:prePrune +-- mime-db@1.24.0
112 silly idealTree:prePrune +-- mime-types@2.1.12
112 silly idealTree:prePrune +-- mime@1.3.4
112 silly idealTree:prePrune +-- minimist@1.2.0
112 silly idealTree:prePrune +-- morgan@1.7.0
112 silly idealTree:prePrune +-- ms@0.7.1
112 silly idealTree:prePrune +-- mssql@3.3.0
112 silly idealTree:prePrune +-- nan@2.4.0
112 silly idealTree:prePrune +-- negotiator@0.6.1
112 silly idealTree:prePrune +-- node-uber@0.9.7
112 silly idealTree:prePrune +-- node-uuid@1.4.7
112 silly idealTree:prePrune +-- number-is-nan@1.0.1
112 silly idealTree:prePrune +-- oauth-sign@0.8.2
112 silly idealTree:prePrune +-- oauth@0.9.14
112 silly idealTree:prePrune +-- object-assign@1.0.0
112 silly idealTree:prePrune +-- on-finished@2.3.0
112 silly idealTree:prePrune +-- on-headers@1.0.1
112 silly idealTree:prePrune +-- parseurl@1.3.1
112 silly idealTree:prePrune +-- path-to-regexp@0.1.7
112 silly idealTree:prePrune +-- pinkie-promise@2.0.1
112 silly idealTree:prePrune +-- pinkie@2.0.4
112 silly idealTree:prePrune +-- process-nextick-args@1.0.7
112 silly idealTree:prePrune +-- promise@7.1.1
112 silly idealTree:prePrune +-- proxy-addr@1.1.2
112 silly idealTree:prePrune +-- q@0.9.7
112 silly idealTree:prePrune +-- qs@6.2.0
112 silly idealTree:prePrune +-- querybase@0.3.0
112 silly idealTree:prePrune +-- range-parser@1.2.0
112 silly idealTree:prePrune +-- raw-body@2.1.7
112 silly idealTree:prePrune +-- readable-stream@2.1.5
112 silly idealTree:prePrune | `-- isarray@1.0.0
112 silly idealTree:prePrune +-- repeating@1.1.3
112 silly idealTree:prePrune +-- request@2.75.0
112 silly idealTree:prePrune | +-- assert-plus@0.2.0
112 silly idealTree:prePrune | +-- aws-sign2@0.6.0
112 silly idealTree:prePrune | +-- bl@1.1.2
112 silly idealTree:prePrune | +-- boom@2.10.1
112 silly idealTree:prePrune | +-- caseless@0.11.0
112 silly idealTree:prePrune | +-- combined-stream@1.0.5
112 silly idealTree:prePrune | +-- cryptiles@2.0.5
112 silly idealTree:prePrune | +-- delayed-stream@1.0.0
112 silly idealTree:prePrune | +-- forever-agent@0.6.1
112 silly idealTree:prePrune | +-- form-data@2.0.0
112 silly idealTree:prePrune | +-- hawk@3.1.3
112 silly idealTree:prePrune | +-- hoek@2.16.3
112 silly idealTree:prePrune | +-- http-signature@1.1.1
112 silly idealTree:prePrune | +-- isarray@1.0.0
112 silly idealTree:prePrune | +-- oauth-sign@0.8.2
112 silly idealTree:prePrune | +-- readable-stream@2.0.6
112 silly idealTree:prePrune | `-- sntp@1.0.9
112 silly idealTree:prePrune +-- scmp@0.0.3
112 silly idealTree:prePrune +-- semver@5.3.0
112 silly idealTree:prePrune +-- send@0.14.1
112 silly idealTree:prePrune +-- serve-static@1.11.1
112 silly idealTree:prePrune +-- setprototypeof@1.0.1
112 silly idealTree:prePrune +-- sleep@4.0.0
112 silly idealTree:prePrune +-- sntp@1.0.9
112 silly idealTree:prePrune +-- sprintf@0.1.5
112 silly idealTree:prePrune +-- sshpk@1.10.1
112 silly idealTree:prePrune | +-- asn1@0.2.3
112 silly idealTree:prePrune | `-- assert-plus@1.0.0
112 silly idealTree:prePrune +-- statuses@1.3.0
112 silly idealTree:prePrune +-- string_decoder@0.10.31
112 silly idealTree:prePrune +-- string.prototype.startswith@0.2.0
112 silly idealTree:prePrune +-- stringstream@0.0.5
112 silly idealTree:prePrune +-- strip-ansi@3.0.1
112 silly idealTree:prePrune +-- supports-color@2.0.0
112 silly idealTree:prePrune +-- tedious@1.14.0
112 silly idealTree:prePrune | +-- bl@1.1.2
112 silly idealTree:prePrune | | `-- readable-stream@2.0.6
112 silly idealTree:prePrune | +-- isarray@1.0.0
112 silly idealTree:prePrune | `-- readable-stream@2.1.5
112 silly idealTree:prePrune +-- tough-cookie@2.3.1
112 silly idealTree:prePrune +-- tunnel-agent@0.4.3
112 silly idealTree:prePrune +-- tweetnacl@0.14.3
112 silly idealTree:prePrune +-- twilio@2.11.0
112 silly idealTree:prePrune | +-- form-data@1.0.1
112 silly idealTree:prePrune | `-- request@2.74.0
112 silly idealTree:prePrune +-- type-is@1.6.13
112 silly idealTree:prePrune +-- typedarray@0.0.6
112 silly idealTree:prePrune +-- underscore@1.8.3
112 silly idealTree:prePrune +-- unpipe@1.0.0
112 silly idealTree:prePrune +-- util-deprecate@1.0.2
112 silly idealTree:prePrune +-- utils-merge@1.0.0
112 silly idealTree:prePrune +-- vary@1.1.0
112 silly idealTree:prePrune +-- verror@1.3.6
112 silly idealTree:prePrune +-- waitress@0.1.5
112 silly idealTree:prePrune `-- xtend@4.0.1
113 silly loadIdealTree Finishing
114 silly currentTree getchristieahome-backend@1.0.0
114 silly currentTree +-- accepts@1.3.3
114 silly currentTree +-- ansi-regex@2.0.0
114 silly currentTree +-- ansi-styles@2.2.1
114 silly currentTree +-- array-flatten@1.1.1
114 silly currentTree +-- asap@2.0.5
114 silly currentTree +-- asn1@0.2.3
114 silly currentTree +-- assert-plus@0.2.0
114 silly currentTree +-- async@2.1.2
114 silly currentTree +-- asynckit@0.4.0
114 silly currentTree +-- aws-sign2@0.6.0
114 silly currentTree +-- aws4@1.5.0
114 silly currentTree +-- babel-runtime@5.8.38
114 silly currentTree +-- base64-url@1.3.2
114 silly currentTree +-- base64url@1.0.6
114 silly currentTree +-- basic-auth@1.0.4
114 silly currentTree +-- bcrypt-pbkdf@1.0.0
114 silly currentTree +-- big-number@0.3.1
114 silly currentTree +-- bl@1.1.2
114 silly currentTree | +-- isarray@1.0.0
114 silly currentTree | `-- readable-stream@2.0.6
114 silly currentTree +-- body-parser@1.15.2
114 silly currentTree +-- boom@2.10.1
114 silly currentTree +-- buffer-equal-constant-time@1.0.1
114 silly currentTree +-- buffer-shims@1.0.0
114 silly currentTree +-- bytes@2.4.0
114 silly currentTree +-- camelcase-keys@1.0.0
114 silly currentTree +-- camelcase@1.2.1
114 silly currentTree +-- caseless@0.11.0
114 silly currentTree +-- chalk@1.1.3
114 silly currentTree +-- check-types@1.3.2
114 silly currentTree +-- combined-stream@1.0.5
114 silly currentTree +-- commander@2.9.0
114 silly currentTree +-- concat-stream@1.4.10
114 silly currentTree | `-- readable-stream@1.1.14
114 silly currentTree +-- content-disposition@0.5.1
114 silly currentTree +-- content-type@1.0.2
114 silly currentTree +-- cookie-signature@1.0.6
114 silly currentTree +-- cookie@0.3.1
114 silly currentTree +-- core-js@1.2.7
114 silly currentTree +-- core-util-is@1.0.2
114 silly currentTree +-- cryptiles@2.0.5
114 silly currentTree +-- ctype@0.5.3
114 silly currentTree +-- dashdash@1.14.0
114 silly currentTree | `-- assert-plus@1.0.0
114 silly currentTree +-- debug@2.2.0
114 silly currentTree +-- delayed-stream@1.0.0
114 silly currentTree +-- depd@1.1.0
114 silly currentTree +-- deprecate@0.1.0
114 silly currentTree +-- destroy@1.0.4
114 silly currentTree +-- ecc-jsbn@0.1.1
114 silly currentTree +-- ecdsa-sig-formatter@1.0.7
114 silly currentTree +-- ee-first@1.1.1
114 silly currentTree +-- encodeurl@1.0.1
114 silly currentTree +-- escape-html@1.0.3
114 silly currentTree +-- escape-string-regexp@1.0.5
114 silly currentTree +-- etag@1.7.0
114 silly currentTree +-- express@4.14.0
114 silly currentTree +-- extend@3.0.0
114 silly currentTree +-- extsprintf@1.0.2
114 silly currentTree +-- finalhandler@0.5.0
114 silly currentTree +-- firebase@3.5.1
114 silly currentTree | +-- dom-storage@2.0.2
114 silly currentTree | +-- faye-websocket@0.9.3
114 silly currentTree | | `-- websocket-driver@0.6.4
114 silly currentTree | |   `-- websocket-extensions@0.1.1
114 silly currentTree | +-- jsonwebtoken@5.7.0
114 silly currentTree | | +-- jws@3.1.3
114 silly currentTree | | | +-- base64url@1.0.6
114 silly currentTree | | | | +-- concat-stream@1.4.10
114 silly currentTree | | | | | +-- inherits@2.0.1
114 silly currentTree | | | | | +-- readable-stream@1.1.14
114 silly currentTree | | | | | | +-- core-util-is@1.0.2
114 silly currentTree | | | | | | +-- isarray@0.0.1
114 silly currentTree | | | | | | `-- string_decoder@0.10.31
114 silly currentTree | | | | | `-- typedarray@0.0.6
114 silly currentTree | | | | `-- meow@2.0.0
114 silly currentTree | | | |   +-- camelcase-keys@1.0.0
114 silly currentTree | | | |   | +-- camelcase@1.2.1
114 silly currentTree | | | |   | `-- map-obj@1.0.1
114 silly currentTree | | | |   +-- indent-string@1.2.2
114 silly currentTree | | | |   | +-- get-stdin@4.0.1
114 silly currentTree | | | |   | `-- repeating@1.1.3
114 silly currentTree | | | |   |   `-- is-finite@1.0.1
114 silly currentTree | | | |   |     `-- number-is-nan@1.0.0
114 silly currentTree | | | |   +-- minimist@1.2.0
114 silly currentTree | | | |   `-- object-assign@1.0.0
114 silly currentTree | | | `-- jwa@1.1.3
114 silly currentTree | | |   +-- buffer-equal-constant-time@1.0.1
114 silly currentTree | | |   `-- ecdsa-sig-formatter@1.0.5
114 silly currentTree | | |     `-- base64-url@1.2.2
114 silly currentTree | | +-- ms@0.7.1
114 silly currentTree | | `-- xtend@4.0.1
114 silly currentTree | +-- rsvp@3.2.1
114 silly currentTree | `-- xmlhttprequest@1.8.0
114 silly currentTree +-- forever-agent@0.6.1
114 silly currentTree +-- form-data@2.0.0
114 silly currentTree +-- forwarded@0.1.0
114 silly currentTree +-- fresh@0.3.0
114 silly currentTree +-- generate-function@2.0.0
114 silly currentTree +-- generate-object-property@1.2.0
114 silly currentTree +-- generic-pool@2.4.3
114 silly currentTree +-- get-stdin@4.0.1
114 silly currentTree +-- getpass@0.1.6
114 silly currentTree | `-- assert-plus@1.0.0
114 silly currentTree +-- googlemaps@1.11.1
114 silly currentTree | +-- asn1@0.1.11
114 silly currentTree | +-- assert-plus@0.1.5
114 silly currentTree | +-- async@0.9.2
114 silly currentTree | +-- aws-sign2@0.5.0
114 silly currentTree | +-- bl@0.9.5
114 silly currentTree | +-- boom@0.4.2
114 silly currentTree | +-- caseless@0.6.0
114 silly currentTree | +-- combined-stream@0.0.7
114 silly currentTree | +-- cryptiles@0.2.2
114 silly currentTree | +-- delayed-stream@0.0.5
114 silly currentTree | +-- forever-agent@0.5.2
114 silly currentTree | +-- form-data@0.1.4
114 silly currentTree | +-- hawk@1.1.1
114 silly currentTree | +-- hoek@0.9.1
114 silly currentTree | +-- http-signature@0.10.1
114 silly currentTree | +-- isarray@0.0.1
114 silly currentTree | +-- mime-types@1.0.2
114 silly currentTree | +-- mime@1.2.11
114 silly currentTree | +-- oauth-sign@0.4.0
114 silly currentTree | +-- qs@4.0.0
114 silly currentTree | +-- readable-stream@1.0.34
114 silly currentTree | +-- request@2.44.0
114 silly currentTree | | `-- qs@1.2.2
114 silly currentTree | `-- sntp@0.2.4
114 silly currentTree +-- graceful-fs@4.1.9
114 silly currentTree +-- graceful-readlink@1.0.1
114 silly currentTree +-- har-validator@2.0.6
114 silly currentTree +-- has-ansi@2.0.0
114 silly currentTree +-- hawk@3.1.3
114 silly currentTree +-- hoek@2.16.3
114 silly currentTree +-- http-errors@1.5.0
114 silly currentTree +-- http-signature@1.1.1
114 silly currentTree +-- iconv-lite@0.4.13
114 silly currentTree +-- indent-string@1.2.2
114 silly currentTree +-- inherits@2.0.1
114 silly currentTree +-- ipaddr.js@1.1.1
114 silly currentTree +-- is-finite@1.0.2
114 silly currentTree +-- is-my-json-valid@2.15.0
114 silly currentTree +-- is-property@1.0.2
114 silly currentTree +-- is-typedarray@1.0.0
114 silly currentTree +-- isarray@0.0.1
114 silly currentTree +-- isstream@0.1.2
114 silly currentTree +-- jodid25519@1.0.2
114 silly currentTree +-- jsbn@0.1.0
114 silly currentTree +-- json-schema@0.2.3
114 silly currentTree +-- json-stringify-safe@5.0.1
114 silly currentTree +-- jsonfile@2.4.0
114 silly currentTree +-- jsonpointer@4.0.0
114 silly currentTree +-- jsonwebtoken@5.4.1
114 silly currentTree +-- jsprim@1.3.1
114 silly currentTree +-- jwa@1.1.3
114 silly currentTree +-- jws@3.1.3
114 silly currentTree +-- jwt-simple@0.1.0
114 silly currentTree +-- lodash@4.16.4
114 silly currentTree +-- map-obj@1.0.1
114 silly currentTree +-- media-typer@0.3.0
114 silly currentTree +-- meow@2.0.0
114 silly currentTree +-- merge-descriptors@1.0.1
114 silly currentTree +-- methods@1.1.2
114 silly currentTree +-- mime-db@1.24.0
114 silly currentTree +-- mime-types@2.1.12
114 silly currentTree +-- mime@1.3.4
114 silly currentTree +-- minimist@1.2.0
114 silly currentTree +-- morgan@1.7.0
114 silly currentTree +-- ms@0.7.1
114 silly currentTree +-- mssql@3.3.0
114 silly currentTree +-- negotiator@0.6.1
114 silly currentTree +-- node-uber@0.9.7
114 silly currentTree +-- node-uuid@1.4.7
114 silly currentTree +-- number-is-nan@1.0.1
114 silly currentTree +-- oauth-sign@0.8.2
114 silly currentTree +-- oauth@0.9.14
114 silly currentTree +-- object-assign@1.0.0
114 silly currentTree +-- on-finished@2.3.0
114 silly currentTree +-- on-headers@1.0.1
114 silly currentTree +-- parseurl@1.3.1
114 silly currentTree +-- path-to-regexp@0.1.7
114 silly currentTree +-- pinkie-promise@2.0.1
114 silly currentTree +-- pinkie@2.0.4
114 silly currentTree +-- process-nextick-args@1.0.7
114 silly currentTree +-- promise@7.1.1
114 silly currentTree +-- proxy-addr@1.1.2
114 silly currentTree +-- q@0.9.7
114 silly currentTree +-- qs@6.2.0
114 silly currentTree +-- querybase@0.3.0
114 silly currentTree +-- range-parser@1.2.0
114 silly currentTree +-- raw-body@2.1.7
114 silly currentTree +-- readable-stream@2.1.5
114 silly currentTree | `-- isarray@1.0.0
114 silly currentTree +-- repeating@1.1.3
114 silly currentTree +-- request@2.75.0
114 silly currentTree | +-- assert-plus@0.2.0
114 silly currentTree | +-- aws-sign2@0.6.0
114 silly currentTree | +-- bl@1.1.2
114 silly currentTree | +-- boom@2.10.1
114 silly currentTree | +-- caseless@0.11.0
114 silly currentTree | +-- combined-stream@1.0.5
114 silly currentTree | +-- cryptiles@2.0.5
114 silly currentTree | +-- delayed-stream@1.0.0
114 silly currentTree | +-- forever-agent@0.6.1
114 silly currentTree | +-- form-data@2.0.0
114 silly currentTree | +-- hawk@3.1.3
114 silly currentTree | +-- hoek@2.16.3
114 silly currentTree | +-- http-signature@1.1.1
114 silly currentTree | +-- isarray@1.0.0
114 silly currentTree | +-- oauth-sign@0.8.2
114 silly currentTree | +-- readable-stream@2.0.6
114 silly currentTree | `-- sntp@1.0.9
114 silly currentTree +-- scmp@0.0.3
114 silly currentTree +-- semver@5.3.0
114 silly currentTree +-- send@0.14.1
114 silly currentTree +-- serve-static@1.11.1
114 silly currentTree +-- setprototypeof@1.0.1
114 silly currentTree +-- sntp@1.0.9
114 silly currentTree +-- sprintf@0.1.5
114 silly currentTree +-- sshpk@1.10.1
114 silly currentTree | +-- asn1@0.2.3
114 silly currentTree | `-- assert-plus@1.0.0
114 silly currentTree +-- statuses@1.3.0
114 silly currentTree +-- string_decoder@0.10.31
114 silly currentTree +-- string.prototype.startswith@0.2.0
114 silly currentTree +-- stringstream@0.0.5
114 silly currentTree +-- strip-ansi@3.0.1
114 silly currentTree +-- supports-color@2.0.0
114 silly currentTree +-- tedious@1.14.0
114 silly currentTree | +-- bl@1.1.2
114 silly currentTree | | `-- readable-stream@2.0.6
114 silly currentTree | +-- isarray@1.0.0
114 silly currentTree | `-- readable-stream@2.1.5
114 silly currentTree +-- tough-cookie@2.3.1
114 silly currentTree +-- tunnel-agent@0.4.3
114 silly currentTree +-- tweetnacl@0.14.3
114 silly currentTree +-- twilio@2.11.0
114 silly currentTree | +-- form-data@1.0.1
114 silly currentTree | `-- request@2.74.0
114 silly currentTree +-- type-is@1.6.13
114 silly currentTree +-- typedarray@0.0.6
114 silly currentTree +-- underscore@1.8.3
114 silly currentTree +-- unpipe@1.0.0
114 silly currentTree +-- util-deprecate@1.0.2
114 silly currentTree +-- utils-merge@1.0.0
114 silly currentTree +-- vary@1.1.0
114 silly currentTree +-- verror@1.3.6
114 silly currentTree +-- waitress@0.1.5
114 silly currentTree `-- xtend@4.0.1
115 silly idealTree getchristieahome-backend@1.0.0
115 silly idealTree +-- accepts@1.3.3
115 silly idealTree +-- ansi-regex@2.0.0
115 silly idealTree +-- ansi-styles@2.2.1
115 silly idealTree +-- array-flatten@1.1.1
115 silly idealTree +-- asap@2.0.5
115 silly idealTree +-- asn1@0.2.3
115 silly idealTree +-- assert-plus@0.2.0
115 silly idealTree +-- async@2.1.2
115 silly idealTree +-- asynckit@0.4.0
115 silly idealTree +-- aws-sign2@0.6.0
115 silly idealTree +-- aws4@1.5.0
115 silly idealTree +-- babel-runtime@5.8.38
115 silly idealTree +-- base64-url@1.3.2
115 silly idealTree +-- base64url@1.0.6
115 silly idealTree +-- basic-auth@1.0.4
115 silly idealTree +-- bcrypt-pbkdf@1.0.0
115 silly idealTree +-- big-number@0.3.1
115 silly idealTree +-- bl@1.1.2
115 silly idealTree | +-- isarray@1.0.0
115 silly idealTree | `-- readable-stream@2.0.6
115 silly idealTree +-- body-parser@1.15.2
115 silly idealTree +-- boom@2.10.1
115 silly idealTree +-- buffer-equal-constant-time@1.0.1
115 silly idealTree +-- buffer-shims@1.0.0
115 silly idealTree +-- bytes@2.4.0
115 silly idealTree +-- camelcase-keys@1.0.0
115 silly idealTree +-- camelcase@1.2.1
115 silly idealTree +-- caseless@0.11.0
115 silly idealTree +-- chalk@1.1.3
115 silly idealTree +-- check-types@1.3.2
115 silly idealTree +-- combined-stream@1.0.5
115 silly idealTree +-- commander@2.9.0
115 silly idealTree +-- concat-stream@1.4.10
115 silly idealTree | `-- readable-stream@1.1.14
115 silly idealTree +-- content-disposition@0.5.1
115 silly idealTree +-- content-type@1.0.2
115 silly idealTree +-- cookie-signature@1.0.6
115 silly idealTree +-- cookie@0.3.1
115 silly idealTree +-- core-js@1.2.7
115 silly idealTree +-- core-util-is@1.0.2
115 silly idealTree +-- cryptiles@2.0.5
115 silly idealTree +-- ctype@0.5.3
115 silly idealTree +-- dashdash@1.14.0
115 silly idealTree | `-- assert-plus@1.0.0
115 silly idealTree +-- debug@2.2.0
115 silly idealTree +-- delayed-stream@1.0.0
115 silly idealTree +-- depd@1.1.0
115 silly idealTree +-- deprecate@0.1.0
115 silly idealTree +-- destroy@1.0.4
115 silly idealTree +-- ecc-jsbn@0.1.1
115 silly idealTree +-- ecdsa-sig-formatter@1.0.7
115 silly idealTree +-- ee-first@1.1.1
115 silly idealTree +-- encodeurl@1.0.1
115 silly idealTree +-- escape-html@1.0.3
115 silly idealTree +-- escape-string-regexp@1.0.5
115 silly idealTree +-- etag@1.7.0
115 silly idealTree +-- express@4.14.0
115 silly idealTree +-- extend@3.0.0
115 silly idealTree +-- extsprintf@1.0.2
115 silly idealTree +-- finalhandler@0.5.0
115 silly idealTree +-- firebase@3.5.1
115 silly idealTree | +-- dom-storage@2.0.2
115 silly idealTree | +-- faye-websocket@0.9.3
115 silly idealTree | | `-- websocket-driver@0.6.4
115 silly idealTree | |   `-- websocket-extensions@0.1.1
115 silly idealTree | +-- jsonwebtoken@5.7.0
115 silly idealTree | | +-- jws@3.1.3
115 silly idealTree | | | +-- base64url@1.0.6
115 silly idealTree | | | | +-- concat-stream@1.4.10
115 silly idealTree | | | | | +-- inherits@2.0.1
115 silly idealTree | | | | | +-- readable-stream@1.1.14
115 silly idealTree | | | | | | +-- core-util-is@1.0.2
115 silly idealTree | | | | | | +-- isarray@0.0.1
115 silly idealTree | | | | | | `-- string_decoder@0.10.31
115 silly idealTree | | | | | `-- typedarray@0.0.6
115 silly idealTree | | | | `-- meow@2.0.0
115 silly idealTree | | | |   +-- camelcase-keys@1.0.0
115 silly idealTree | | | |   | +-- camelcase@1.2.1
115 silly idealTree | | | |   | `-- map-obj@1.0.1
115 silly idealTree | | | |   +-- indent-string@1.2.2
115 silly idealTree | | | |   | +-- get-stdin@4.0.1
115 silly idealTree | | | |   | `-- repeating@1.1.3
115 silly idealTree | | | |   |   `-- is-finite@1.0.1
115 silly idealTree | | | |   |     `-- number-is-nan@1.0.0
115 silly idealTree | | | |   +-- minimist@1.2.0
115 silly idealTree | | | |   `-- object-assign@1.0.0
115 silly idealTree | | | `-- jwa@1.1.3
115 silly idealTree | | |   +-- buffer-equal-constant-time@1.0.1
115 silly idealTree | | |   `-- ecdsa-sig-formatter@1.0.5
115 silly idealTree | | |     `-- base64-url@1.2.2
115 silly idealTree | | +-- ms@0.7.1
115 silly idealTree | | `-- xtend@4.0.1
115 silly idealTree | +-- rsvp@3.2.1
115 silly idealTree | `-- xmlhttprequest@1.8.0
115 silly idealTree +-- forever-agent@0.6.1
115 silly idealTree +-- form-data@2.0.0
115 silly idealTree +-- forwarded@0.1.0
115 silly idealTree +-- fresh@0.3.0
115 silly idealTree +-- generate-function@2.0.0
115 silly idealTree +-- generate-object-property@1.2.0
115 silly idealTree +-- generic-pool@2.4.3
115 silly idealTree +-- get-stdin@4.0.1
115 silly idealTree +-- getpass@0.1.6
115 silly idealTree | `-- assert-plus@1.0.0
115 silly idealTree +-- googlemaps@1.11.1
115 silly idealTree | +-- asn1@0.1.11
115 silly idealTree | +-- assert-plus@0.1.5
115 silly idealTree | +-- async@0.9.2
115 silly idealTree | +-- aws-sign2@0.5.0
115 silly idealTree | +-- bl@0.9.5
115 silly idealTree | +-- boom@0.4.2
115 silly idealTree | +-- caseless@0.6.0
115 silly idealTree | +-- combined-stream@0.0.7
115 silly idealTree | +-- cryptiles@0.2.2
115 silly idealTree | +-- delayed-stream@0.0.5
115 silly idealTree | +-- forever-agent@0.5.2
115 silly idealTree | +-- form-data@0.1.4
115 silly idealTree | +-- hawk@1.1.1
115 silly idealTree | +-- hoek@0.9.1
115 silly idealTree | +-- http-signature@0.10.1
115 silly idealTree | +-- isarray@0.0.1
115 silly idealTree | +-- mime-types@1.0.2
115 silly idealTree | +-- mime@1.2.11
115 silly idealTree | +-- oauth-sign@0.4.0
115 silly idealTree | +-- qs@4.0.0
115 silly idealTree | +-- readable-stream@1.0.34
115 silly idealTree | +-- request@2.44.0
115 silly idealTree | | `-- qs@1.2.2
115 silly idealTree | `-- sntp@0.2.4
115 silly idealTree +-- graceful-fs@4.1.9
115 silly idealTree +-- graceful-readlink@1.0.1
115 silly idealTree +-- har-validator@2.0.6
115 silly idealTree +-- has-ansi@2.0.0
115 silly idealTree +-- hawk@3.1.3
115 silly idealTree +-- hoek@2.16.3
115 silly idealTree +-- http-errors@1.5.0
115 silly idealTree +-- http-signature@1.1.1
115 silly idealTree +-- iconv-lite@0.4.13
115 silly idealTree +-- indent-string@1.2.2
115 silly idealTree +-- inherits@2.0.1
115 silly idealTree +-- ipaddr.js@1.1.1
115 silly idealTree +-- is-finite@1.0.2
115 silly idealTree +-- is-my-json-valid@2.15.0
115 silly idealTree +-- is-property@1.0.2
115 silly idealTree +-- is-typedarray@1.0.0
115 silly idealTree +-- isarray@0.0.1
115 silly idealTree +-- isstream@0.1.2
115 silly idealTree +-- jodid25519@1.0.2
115 silly idealTree +-- jsbn@0.1.0
115 silly idealTree +-- json-schema@0.2.3
115 silly idealTree +-- json-stringify-safe@5.0.1
115 silly idealTree +-- jsonfile@2.4.0
115 silly idealTree +-- jsonpointer@4.0.0
115 silly idealTree +-- jsonwebtoken@5.4.1
115 silly idealTree +-- jsprim@1.3.1
115 silly idealTree +-- jwa@1.1.3
115 silly idealTree +-- jws@3.1.3
115 silly idealTree +-- jwt-simple@0.1.0
115 silly idealTree +-- lodash@4.16.4
115 silly idealTree +-- map-obj@1.0.1
115 silly idealTree +-- media-typer@0.3.0
115 silly idealTree +-- meow@2.0.0
115 silly idealTree +-- merge-descriptors@1.0.1
115 silly idealTree +-- methods@1.1.2
115 silly idealTree +-- mime-db@1.24.0
115 silly idealTree +-- mime-types@2.1.12
115 silly idealTree +-- mime@1.3.4
115 silly idealTree +-- minimist@1.2.0
115 silly idealTree +-- morgan@1.7.0
115 silly idealTree +-- ms@0.7.1
115 silly idealTree +-- mssql@3.3.0
115 silly idealTree +-- nan@2.4.0
115 silly idealTree +-- negotiator@0.6.1
115 silly idealTree +-- node-uber@0.9.7
115 silly idealTree +-- node-uuid@1.4.7
115 silly idealTree +-- number-is-nan@1.0.1
115 silly idealTree +-- oauth-sign@0.8.2
115 silly idealTree +-- oauth@0.9.14
115 silly idealTree +-- object-assign@1.0.0
115 silly idealTree +-- on-finished@2.3.0
115 silly idealTree +-- on-headers@1.0.1
115 silly idealTree +-- parseurl@1.3.1
115 silly idealTree +-- path-to-regexp@0.1.7
115 silly idealTree +-- pinkie-promise@2.0.1
115 silly idealTree +-- pinkie@2.0.4
115 silly idealTree +-- process-nextick-args@1.0.7
115 silly idealTree +-- promise@7.1.1
115 silly idealTree +-- proxy-addr@1.1.2
115 silly idealTree +-- q@0.9.7
115 silly idealTree +-- qs@6.2.0
115 silly idealTree +-- querybase@0.3.0
115 silly idealTree +-- range-parser@1.2.0
115 silly idealTree +-- raw-body@2.1.7
115 silly idealTree +-- readable-stream@2.1.5
115 silly idealTree | `-- isarray@1.0.0
115 silly idealTree +-- repeating@1.1.3
115 silly idealTree +-- request@2.75.0
115 silly idealTree | +-- assert-plus@0.2.0
115 silly idealTree | +-- aws-sign2@0.6.0
115 silly idealTree | +-- bl@1.1.2
115 silly idealTree | +-- boom@2.10.1
115 silly idealTree | +-- caseless@0.11.0
115 silly idealTree | +-- combined-stream@1.0.5
115 silly idealTree | +-- cryptiles@2.0.5
115 silly idealTree | +-- delayed-stream@1.0.0
115 silly idealTree | +-- forever-agent@0.6.1
115 silly idealTree | +-- form-data@2.0.0
115 silly idealTree | +-- hawk@3.1.3
115 silly idealTree | +-- hoek@2.16.3
115 silly idealTree | +-- http-signature@1.1.1
115 silly idealTree | +-- isarray@1.0.0
115 silly idealTree | +-- oauth-sign@0.8.2
115 silly idealTree | +-- readable-stream@2.0.6
115 silly idealTree | `-- sntp@1.0.9
115 silly idealTree +-- scmp@0.0.3
115 silly idealTree +-- semver@5.3.0
115 silly idealTree +-- send@0.14.1
115 silly idealTree +-- serve-static@1.11.1
115 silly idealTree +-- setprototypeof@1.0.1
115 silly idealTree +-- sleep@4.0.0
115 silly idealTree +-- sntp@1.0.9
115 silly idealTree +-- sprintf@0.1.5
115 silly idealTree +-- sshpk@1.10.1
115 silly idealTree | +-- asn1@0.2.3
115 silly idealTree | `-- assert-plus@1.0.0
115 silly idealTree +-- statuses@1.3.0
115 silly idealTree +-- string_decoder@0.10.31
115 silly idealTree +-- string.prototype.startswith@0.2.0
115 silly idealTree +-- stringstream@0.0.5
115 silly idealTree +-- strip-ansi@3.0.1
115 silly idealTree +-- supports-color@2.0.0
115 silly idealTree +-- tedious@1.14.0
115 silly idealTree | +-- bl@1.1.2
115 silly idealTree | | `-- readable-stream@2.0.6
115 silly idealTree | +-- isarray@1.0.0
115 silly idealTree | `-- readable-stream@2.1.5
115 silly idealTree +-- tough-cookie@2.3.1
115 silly idealTree +-- tunnel-agent@0.4.3
115 silly idealTree +-- tweetnacl@0.14.3
115 silly idealTree +-- twilio@2.11.0
115 silly idealTree | +-- form-data@1.0.1
115 silly idealTree | `-- request@2.74.0
115 silly idealTree +-- type-is@1.6.13
115 silly idealTree +-- typedarray@0.0.6
115 silly idealTree +-- underscore@1.8.3
115 silly idealTree +-- unpipe@1.0.0
115 silly idealTree +-- util-deprecate@1.0.2
115 silly idealTree +-- utils-merge@1.0.0
115 silly idealTree +-- vary@1.1.0
115 silly idealTree +-- verror@1.3.6
115 silly idealTree +-- waitress@0.1.5
115 silly idealTree `-- xtend@4.0.1
116 silly generateActionsToTake Starting
117 silly install generateActionsToTake
118 silly generateActionsToTake Finishing
119 silly diffTrees action count 3
120 silly diffTrees add nan@2.4.0
121 silly diffTrees add sleep@4.0.0
122 silly diffTrees update twilio@2.11.0
123 silly decomposeActions action count 24
124 silly decomposeActions fetch nan@2.4.0
125 silly decomposeActions extract nan@2.4.0
126 silly decomposeActions test nan@2.4.0
127 silly decomposeActions preinstall nan@2.4.0
128 silly decomposeActions build nan@2.4.0
129 silly decomposeActions install nan@2.4.0
130 silly decomposeActions postinstall nan@2.4.0
131 silly decomposeActions finalize nan@2.4.0
132 silly decomposeActions fetch sleep@4.0.0
133 silly decomposeActions extract sleep@4.0.0
134 silly decomposeActions test sleep@4.0.0
135 silly decomposeActions preinstall sleep@4.0.0
136 silly decomposeActions build sleep@4.0.0
137 silly decomposeActions install sleep@4.0.0
138 silly decomposeActions postinstall sleep@4.0.0
139 silly decomposeActions finalize sleep@4.0.0
140 silly decomposeActions fetch twilio@2.11.0
141 silly decomposeActions extract twilio@2.11.0
142 silly decomposeActions test twilio@2.11.0
143 silly decomposeActions preinstall twilio@2.11.0
144 silly decomposeActions build twilio@2.11.0
145 silly decomposeActions install twilio@2.11.0
146 silly decomposeActions postinstall twilio@2.11.0
147 silly decomposeActions finalize twilio@2.11.0
148 silly executeActions Starting
149 silly install executeActions
150 silly doSerial global-install 0
151 silly doParallel fetch 3
152 verbose correctMkdir C:\Users\JW\AppData\Roaming\npm-cache\_locks correctMkdir not in flight; initializing
153 verbose lock using C:\Users\JW\AppData\Roaming\npm-cache\_locks\staging-aed0db0906ff11d9.lock for C:\Users\JW\Desktop\GetChristieAHome\node_modules\.staging
154 silly doParallel extract 3
155 silly extract nan@2.4.0
156 silly extract sleep@4.0.0
157 silly extract twilio@2.11.0
158 verbose unbuild node_modules\.staging\nan-e723331d
159 verbose unbuild node_modules\.staging\sleep-f3787557
160 silly gentlyRm C:\Users\JW\Desktop\GetChristieAHome\node_modules\.staging\nan-e723331d is being purged from base C:\Users\JW\Desktop\GetChristieAHome
161 verbose gentlyRm don't care about contents; nuking C:\Users\JW\Desktop\GetChristieAHome\node_modules\.staging\nan-e723331d
162 verbose tar unpack C:\Users\JW\AppData\Roaming\npm-cache\nan\2.4.0\package.tgz
163 verbose tar unpacking to C:\Users\JW\Desktop\GetChristieAHome\node_modules\.staging\nan-e723331d
164 silly gentlyRm C:\Users\JW\Desktop\GetChristieAHome\node_modules\.staging\nan-e723331d is being purged
165 verbose gentlyRm don't care about contents; nuking C:\Users\JW\Desktop\GetChristieAHome\node_modules\.staging\nan-e723331d
166 silly gentlyRm C:\Users\JW\Desktop\GetChristieAHome\node_modules\.staging\sleep-f3787557 is being purged from base C:\Users\JW\Desktop\GetChristieAHome
167 verbose gentlyRm don't care about contents; nuking C:\Users\JW\Desktop\GetChristieAHome\node_modules\.staging\sleep-f3787557
168 silly gunzTarPerm modes [ '777', '666' ]
169 verbose tar unpack C:\Users\JW\AppData\Roaming\npm-cache\sleep\4.0.0\package.tgz
170 verbose tar unpacking to C:\Users\JW\Desktop\GetChristieAHome\node_modules\.staging\sleep-f3787557
171 silly gentlyRm C:\Users\JW\Desktop\GetChristieAHome\node_modules\.staging\sleep-f3787557 is being purged
172 verbose gentlyRm don't care about contents; nuking C:\Users\JW\Desktop\GetChristieAHome\node_modules\.staging\sleep-f3787557
173 silly gunzTarPerm modes [ '777', '666' ]
174 silly gunzTarPerm extractEntry package.json
175 silly gunzTarPerm modified mode [ 'package.json', 436, 438 ]
176 verbose unbuild node_modules\.staging\twilio-e38c7663
177 silly gunzTarPerm extractEntry package.json
178 silly gunzTarPerm modified mode [ 'package.json', 436, 438 ]
179 silly gentlyRm C:\Users\JW\Desktop\GetChristieAHome\node_modules\.staging\twilio-e38c7663 is being purged from base C:\Users\JW\Desktop\GetChristieAHome
180 verbose gentlyRm don't care about contents; nuking C:\Users\JW\Desktop\GetChristieAHome\node_modules\.staging\twilio-e38c7663
181 verbose tar unpack C:\Users\JW\AppData\Roaming\npm-cache\twilio\2.11.0\package.tgz
182 verbose tar unpacking to C:\Users\JW\Desktop\GetChristieAHome\node_modules\.staging\twilio-e38c7663
183 silly gentlyRm C:\Users\JW\Desktop\GetChristieAHome\node_modules\.staging\twilio-e38c7663 is being purged
184 verbose gentlyRm don't care about contents; nuking C:\Users\JW\Desktop\GetChristieAHome\node_modules\.staging\twilio-e38c7663
185 silly gunzTarPerm extractEntry README.md
186 silly gunzTarPerm modified mode [ 'README.md', 436, 438 ]
187 silly gunzTarPerm modes [ '777', '666' ]
188 silly gunzTarPerm extractEntry include_dirs.js
189 silly gunzTarPerm modified mode [ 'include_dirs.js', 436, 438 ]
190 silly gunzTarPerm extractEntry .npmignore
191 silly gunzTarPerm modified mode [ '.npmignore', 436, 438 ]
192 silly gunzTarPerm extractEntry README.md
193 silly gunzTarPerm modified mode [ 'README.md', 436, 438 ]
194 silly gunzTarPerm extractEntry package.json
195 silly gunzTarPerm modified mode [ 'package.json', 420, 438 ]
196 silly gunzTarPerm extractEntry nan_callbacks_pre_12_inl.h
197 silly gunzTarPerm modified mode [ 'nan_callbacks_pre_12_inl.h', 436, 438 ]
198 silly gunzTarPerm extractEntry CHANGELOG.md
199 silly gunzTarPerm modified mode [ 'CHANGELOG.md', 436, 438 ]
200 silly gunzTarPerm extractEntry LICENSE.md
201 silly gunzTarPerm modified mode [ 'LICENSE.md', 436, 438 ]
202 silly gunzTarPerm extractEntry index.js
203 silly gunzTarPerm modified mode [ 'index.js', 436, 438 ]
204 silly gunzTarPerm extractEntry test.js
205 silly gunzTarPerm modified mode [ 'test.js', 436, 438 ]
206 silly gunzTarPerm extractEntry LICENSE
207 silly gunzTarPerm modified mode [ 'LICENSE', 420, 438 ]
208 silly gunzTarPerm extractEntry config.sample.js
209 silly gunzTarPerm modified mode [ 'config.sample.js', 420, 438 ]
210 silly gunzTarPerm extractEntry doc/node_misc.md
211 silly gunzTarPerm modified mode [ 'doc/node_misc.md', 436, 438 ]
212 silly gunzTarPerm extractEntry LICENSE.txt
213 silly gunzTarPerm modified mode [ 'LICENSE.txt', 436, 438 ]
214 silly gunzTarPerm extractEntry bin/sleep
215 silly gunzTarPerm modified mode [ 'bin/sleep', 509, 511 ]
216 silly gunzTarPerm extractEntry index.js
217 silly gunzTarPerm modified mode [ 'index.js', 420, 438 ]
218 silly gunzTarPerm extractEntry examples/example.js
219 silly gunzTarPerm modified mode [ 'examples/example.js', 420, 438 ]
220 silly gunzTarPerm extractEntry doc/asyncworker.md
221 silly gunzTarPerm modified mode [ 'doc/asyncworker.md', 436, 438 ]
222 silly gunzTarPerm extractEntry doc/callback.md
223 silly gunzTarPerm modified mode [ 'doc/callback.md', 436, 438 ]
224 silly gunzTarPerm extractEntry binding.gyp
225 silly gunzTarPerm modified mode [ 'binding.gyp', 436, 438 ]
226 silly gunzTarPerm extractEntry sleep.cc
227 silly gunzTarPerm modified mode [ 'sleep.cc', 436, 438 ]
228 silly gunzTarPerm extractEntry examples/more.md
229 silly gunzTarPerm modified mode [ 'examples/more.md', 420, 438 ]
230 silly gunzTarPerm extractEntry doc/converters.md
231 silly gunzTarPerm modified mode [ 'doc/converters.md', 436, 438 ]
232 silly gunzTarPerm extractEntry doc/errors.md
233 silly gunzTarPerm modified mode [ 'doc/errors.md', 436, 438 ]
234 silly gunzTarPerm extractEntry Makefile
235 silly gunzTarPerm modified mode [ 'Makefile', 420, 438 ]
236 silly gunzTarPerm extractEntry .travis.yml
237 silly gunzTarPerm modified mode [ '.travis.yml', 420, 438 ]
238 silly gunzTarPerm extractEntry doc/maybe_types.md
239 silly gunzTarPerm modified mode [ 'doc/maybe_types.md', 436, 438 ]
240 silly gunzTarPerm extractEntry doc/methods.md
241 silly gunzTarPerm modified mode [ 'doc/methods.md', 436, 438 ]
242 silly gunzTarPerm extractEntry issue_template.md
243 silly gunzTarPerm modified mode [ 'issue_template.md', 420, 438 ]
244 silly gunzTarPerm extractEntry lib/AccessToken.js
245 silly gunzTarPerm modified mode [ 'lib/AccessToken.js', 420, 438 ]
246 silly gunzTarPerm extractEntry doc/new.md
247 silly gunzTarPerm modified mode [ 'doc/new.md', 436, 438 ]
248 silly gunzTarPerm extractEntry doc/buffers.md
249 silly gunzTarPerm modified mode [ 'doc/buffers.md', 436, 438 ]
250 silly gunzTarPerm extractEntry lib/MonitorClient.js
251 silly gunzTarPerm modified mode [ 'lib/MonitorClient.js', 420, 438 ]
252 silly gunzTarPerm extractEntry lib/PricingClient.js
253 silly gunzTarPerm modified mode [ 'lib/PricingClient.js', 420, 438 ]
254 silly gunzTarPerm extractEntry doc/object_wrappers.md
255 silly gunzTarPerm modified mode [ 'doc/object_wrappers.md', 436, 438 ]
256 silly gunzTarPerm extractEntry doc/persistent.md
257 silly gunzTarPerm modified mode [ 'doc/persistent.md', 436, 438 ]
258 silly gunzTarPerm extractEntry lib/RestClient.js
259 silly gunzTarPerm modified mode [ 'lib/RestClient.js', 420, 438 ]
260 silly gunzTarPerm extractEntry lib/TaskRouterCapability.js
261 silly gunzTarPerm modified mode [ 'lib/TaskRouterCapability.js', 420, 438 ]
262 silly gunzTarPerm extractEntry doc/scopes.md
263 silly gunzTarPerm modified mode [ 'doc/scopes.md', 436, 438 ]
264 silly gunzTarPerm extractEntry doc/script.md
265 silly gunzTarPerm modified mode [ 'doc/script.md', 436, 438 ]
266 silly gunzTarPerm extractEntry lib/LookupsClient.js
267 silly gunzTarPerm modified mode [ 'lib/LookupsClient.js', 420, 438 ]
268 silly gunzTarPerm extractEntry lib/TaskRouterTaskQueueCapability.js
269 silly gunzTarPerm modified mode [ 'lib/TaskRouterTaskQueueCapability.js', 420, 438 ]
270 silly gunzTarPerm extractEntry lib/TaskRouterWorkerCapability.js
271 silly gunzTarPerm modified mode [ 'lib/TaskRouterWorkerCapability.js', 420, 438 ]
272 silly gunzTarPerm extractEntry lib/TaskRouterWorkspaceCapability.js
273 silly gunzTarPerm modified mode [ 'lib/TaskRouterWorkspaceCapability.js', 420, 438 ]
274 silly gunzTarPerm extractEntry doc/string_bytes.md
275 silly gunzTarPerm modified mode [ 'doc/string_bytes.md', 436, 438 ]
276 silly gunzTarPerm extractEntry doc/v8_internals.md
277 silly gunzTarPerm modified mode [ 'doc/v8_internals.md', 436, 438 ]
278 silly gunzTarPerm extractEntry lib/TrunkingClient.js
279 silly gunzTarPerm modified mode [ 'lib/TrunkingClient.js', 420, 438 ]
280 silly gunzTarPerm extractEntry lib/TwimlResponse.js
281 silly gunzTarPerm modified mode [ 'lib/TwimlResponse.js', 420, 438 ]
282 silly gunzTarPerm extractEntry doc/v8_misc.md
283 silly gunzTarPerm modified mode [ 'doc/v8_misc.md', 436, 438 ]
284 silly gunzTarPerm extractEntry nan.h
285 silly gunzTarPerm modified mode [ 'nan.h', 436, 438 ]
286 silly gentlyRm C:\Users\JW\Desktop\GetChristieAHome\node_modules\.staging\sleep-f3787557\node_modules is being purged
287 verbose gentlyRm don't care about contents; nuking C:\Users\JW\Desktop\GetChristieAHome\node_modules\.staging\sleep-f3787557\node_modules
288 silly gunzTarPerm extractEntry nan_callbacks.h
289 silly gunzTarPerm modified mode [ 'nan_callbacks.h', 436, 438 ]
290 silly gunzTarPerm extractEntry lib/IpMessagingClient.js
291 silly gunzTarPerm modified mode [ 'lib/IpMessagingClient.js', 420, 438 ]
292 silly gunzTarPerm extractEntry lib/index.js
293 silly gunzTarPerm modified mode [ 'lib/index.js', 420, 438 ]
294 silly gunzTarPerm extractEntry lib/Client.js
295 silly gunzTarPerm modified mode [ 'lib/Client.js', 420, 438 ]
296 silly gunzTarPerm extractEntry lib/utils.js
297 silly gunzTarPerm modified mode [ 'lib/utils.js', 420, 438 ]
298 silly gunzTarPerm extractEntry nan_callbacks_12_inl.h
299 silly gunzTarPerm modified mode [ 'nan_callbacks_12_inl.h', 436, 438 ]
300 silly gunzTarPerm extractEntry nan_converters.h
301 silly gunzTarPerm modified mode [ 'nan_converters.h', 436, 438 ]
302 silly gunzTarPerm extractEntry nan_converters_43_inl.h
303 silly gunzTarPerm modified mode [ 'nan_converters_43_inl.h', 436, 438 ]
304 silly gunzTarPerm extractEntry nan_converters_pre_43_inl.h
305 silly gunzTarPerm modified mode [ 'nan_converters_pre_43_inl.h', 436, 438 ]
306 silly gunzTarPerm extractEntry lib/Capability.js
307 silly gunzTarPerm modified mode [ 'lib/Capability.js', 420, 438 ]
308 silly gunzTarPerm extractEntry lib/webhooks.js
309 silly gunzTarPerm modified mode [ 'lib/webhooks.js', 420, 438 ]
310 silly gunzTarPerm extractEntry nan_implementation_12_inl.h
311 silly gunzTarPerm modified mode [ 'nan_implementation_12_inl.h', 436, 438 ]
312 silly gunzTarPerm extractEntry nan_implementation_pre_12_inl.h
313 silly gunzTarPerm modified mode [ 'nan_implementation_pre_12_inl.h', 436, 438 ]
314 silly gunzTarPerm extractEntry nan_maybe_43_inl.h
315 silly gunzTarPerm modified mode [ 'nan_maybe_43_inl.h', 436, 438 ]
316 silly gunzTarPerm extractEntry nan_maybe_pre_43_inl.h
317 silly gunzTarPerm modified mode [ 'nan_maybe_pre_43_inl.h', 436, 438 ]
318 silly gunzTarPerm extractEntry lib/TaskRouterClient.js
319 silly gunzTarPerm modified mode [ 'lib/TaskRouterClient.js', 420, 438 ]
320 silly gunzTarPerm extractEntry lib/resources/Accounts.js
321 silly gunzTarPerm modified mode [ 'lib/resources/Accounts.js', 420, 438 ]
322 silly gunzTarPerm extractEntry nan_new.h
323 silly gunzTarPerm modified mode [ 'nan_new.h', 436, 438 ]
324 silly gunzTarPerm extractEntry nan_object_wrap.h
325 silly gunzTarPerm modified mode [ 'nan_object_wrap.h', 436, 438 ]
326 silly gunzTarPerm extractEntry nan_persistent_12_inl.h
327 silly gunzTarPerm modified mode [ 'nan_persistent_12_inl.h', 436, 438 ]
328 silly gunzTarPerm extractEntry nan_persistent_pre_12_inl.h
329 silly gunzTarPerm modified mode [ 'nan_persistent_pre_12_inl.h', 436, 438 ]
330 silly gunzTarPerm extractEntry lib/resources/Conferences.js
331 silly gunzTarPerm modified mode [ 'lib/resources/Conferences.js', 420, 438 ]
332 silly gunzTarPerm extractEntry lib/resources/IncomingPhoneNumbers.js
333 silly gunzTarPerm modified mode [ 'lib/resources/IncomingPhoneNumbers.js', 420, 438 ]
334 silly gunzTarPerm extractEntry nan_string_bytes.h
335 silly gunzTarPerm modified mode [ 'nan_string_bytes.h', 436, 438 ]
336 silly gunzTarPerm extractEntry nan_typedarray_contents.h
337 silly gunzTarPerm modified mode [ 'nan_typedarray_contents.h', 436, 438 ]
338 silly gunzTarPerm extractEntry lib/resources/ListInstanceResource.js
339 silly gunzTarPerm modified mode [ 'lib/resources/ListInstanceResource.js', 420, 438 ]
340 silly gunzTarPerm extractEntry lib/resources/Calls.js
341 silly gunzTarPerm modified mode [ 'lib/resources/Calls.js', 420, 438 ]
342 silly gunzTarPerm extractEntry nan_weak.h
343 silly gunzTarPerm modified mode [ 'nan_weak.h', 436, 438 ]
344 silly gunzTarPerm extractEntry tools/package.json
345 silly gunzTarPerm modified mode [ 'tools/package.json', 436, 438 ]
346 silly gunzTarPerm extractEntry lib/resources/NextGenListInstanceResource.js
347 silly gunzTarPerm modified mode [ 'lib/resources/NextGenListInstanceResource.js', 420, 438 ]
348 silly gunzTarPerm extractEntry lib/resources/NextGenListResource.js
349 silly gunzTarPerm modified mode [ 'lib/resources/NextGenListResource.js', 420, 438 ]
350 silly gunzTarPerm extractEntry lib/resources/Addresses.js
351 silly gunzTarPerm modified mode [ 'lib/resources/Addresses.js', 420, 438 ]
352 silly gunzTarPerm extractEntry lib/resources/Recordings.js
353 silly gunzTarPerm modified mode [ 'lib/resources/Recordings.js', 420, 438 ]
354 silly gunzTarPerm extractEntry tools/README.md
355 silly gunzTarPerm modified mode [ 'tools/README.md', 436, 438 ]
356 silly gunzTarPerm extractEntry tools/1to2.js
357 silly gunzTarPerm modified mode [ 'tools/1to2.js', 509, 511 ]
358 silly gunzTarPerm extractEntry lib/resources/UsageRecords.js
359 silly gunzTarPerm modified mode [ 'lib/resources/UsageRecords.js', 420, 438 ]
360 silly gunzTarPerm extractEntry lib/resources/AvailablePhoneNumbers.js
361 silly gunzTarPerm modified mode [ 'lib/resources/AvailablePhoneNumbers.js', 420, 438 ]
362 silly gunzTarPerm extractEntry lib/resources/generate.js
363 silly gunzTarPerm modified mode [ 'lib/resources/generate.js', 420, 438 ]
364 silly gunzTarPerm extractEntry lib/resources/Messages.js
365 silly gunzTarPerm modified mode [ 'lib/resources/Messages.js', 420, 438 ]
366 silly gunzTarPerm extractEntry lib/resources/Queues.js
367 silly gunzTarPerm modified mode [ 'lib/resources/Queues.js', 420, 438 ]
368 silly gunzTarPerm extractEntry lib/resources/ip_messaging/Credentials.js
369 silly gunzTarPerm modified mode [ 'lib/resources/ip_messaging/Credentials.js', 420, 438 ]
370 silly gunzTarPerm extractEntry lib/resources/ip_messaging/Services.js
371 silly gunzTarPerm modified mode [ 'lib/resources/ip_messaging/Services.js', 420, 438 ]
372 silly gunzTarPerm extractEntry lib/resources/lookups/PhoneNumbers.js
373 silly gunzTarPerm modified mode [ 'lib/resources/lookups/PhoneNumbers.js', 420, 438 ]
374 silly gunzTarPerm extractEntry lib/resources/monitor/Alerts.js
375 silly gunzTarPerm modified mode [ 'lib/resources/monitor/Alerts.js', 420, 438 ]
376 silly gunzTarPerm extractEntry lib/resources/monitor/Events.js
377 silly gunzTarPerm modified mode [ 'lib/resources/monitor/Events.js', 420, 438 ]
378 silly gunzTarPerm extractEntry lib/resources/pricing/Messaging.js
379 silly gunzTarPerm modified mode [ 'lib/resources/pricing/Messaging.js', 420, 438 ]
380 silly gunzTarPerm extractEntry lib/resources/pricing/PhoneNumbers.js
381 silly gunzTarPerm modified mode [ 'lib/resources/pricing/PhoneNumbers.js', 420, 438 ]
382 silly gunzTarPerm extractEntry lib/resources/pricing/Voice.js
383 silly gunzTarPerm modified mode [ 'lib/resources/pricing/Voice.js', 420, 438 ]
384 silly gunzTarPerm extractEntry lib/resources/sip/CredentialLists.js
385 silly gunzTarPerm modified mode [ 'lib/resources/sip/CredentialLists.js', 420, 438 ]
386 silly gunzTarPerm extractEntry lib/resources/sip/Domains.js
387 silly gunzTarPerm modified mode [ 'lib/resources/sip/Domains.js', 420, 438 ]
388 silly gunzTarPerm extractEntry lib/resources/sip/IpAccessControlLists.js
389 silly gunzTarPerm modified mode [ 'lib/resources/sip/IpAccessControlLists.js', 420, 438 ]
390 silly gunzTarPerm extractEntry lib/resources/task_router/WorkflowBuilder.js
391 silly gunzTarPerm modified mode [ 'lib/resources/task_router/WorkflowBuilder.js', 420, 438 ]
392 silly gunzTarPerm extractEntry lib/resources/task_router/Workspaces.js
393 silly gunzTarPerm modified mode [ 'lib/resources/task_router/Workspaces.js', 420, 438 ]
394 silly gunzTarPerm extractEntry lib/resources/trunking/Trunks.js
395 silly gunzTarPerm modified mode [ 'lib/resources/trunking/Trunks.js', 420, 438 ]
396 silly gunzTarPerm extractEntry old-help.md
397 silly gunzTarPerm modified mode [ 'old-help.md', 420, 438 ]
398 silly gentlyRm C:\Users\JW\Desktop\GetChristieAHome\node_modules\.staging\nan-e723331d\node_modules is being purged
399 verbose gentlyRm don't care about contents; nuking C:\Users\JW\Desktop\GetChristieAHome\node_modules\.staging\nan-e723331d\node_modules
400 silly gentlyRm C:\Users\JW\Desktop\GetChristieAHome\node_modules\.staging\twilio-e38c7663\node_modules is being purged
401 verbose gentlyRm don't care about contents; nuking C:\Users\JW\Desktop\GetChristieAHome\node_modules\.staging\twilio-e38c7663\node_modules
402 silly doParallel preinstall 3
403 silly preinstall nan@2.4.0 C:\Users\JW\Desktop\GetChristieAHome\node_modules\.staging\nan-e723331d
404 info lifecycle nan@2.4.0~preinstall: nan@2.4.0
405 silly preinstall sleep@4.0.0 C:\Users\JW\Desktop\GetChristieAHome\node_modules\.staging\sleep-f3787557
406 info lifecycle sleep@4.0.0~preinstall: sleep@4.0.0
407 silly preinstall twilio@2.11.0 C:\Users\JW\Desktop\GetChristieAHome\node_modules\.staging\twilio-e38c7663
408 info lifecycle twilio@2.11.0~preinstall: twilio@2.11.0
409 silly lifecycle nan@2.4.0~preinstall: no script for preinstall, continuing
410 silly lifecycle sleep@4.0.0~preinstall: no script for preinstall, continuing
411 silly lifecycle twilio@2.11.0~preinstall: no script for preinstall, continuing
412 silly doReverseSerial remove 0
413 silly doSerial move 0
414 silly doSerial finalize 3
415 silly finalize C:\Users\JW\Desktop\GetChristieAHome\node_modules\nan
416 silly finalize C:\Users\JW\Desktop\GetChristieAHome\node_modules\sleep
417 silly finalize C:\Users\JW\Desktop\GetChristieAHome\node_modules\twilio
418 silly doSerial build 3
419 silly build nan@2.4.0
420 info linkStuff nan@2.4.0
421 silly linkStuff nan@2.4.0 has C:\Users\JW\Desktop\GetChristieAHome\node_modules as its parent node_modules
422 verbose linkBins nan@2.4.0
423 verbose linkMans nan@2.4.0
424 silly build sleep@4.0.0
425 info linkStuff sleep@4.0.0
426 silly linkStuff sleep@4.0.0 has C:\Users\JW\Desktop\GetChristieAHome\node_modules as its parent node_modules
427 verbose linkBins sleep@4.0.0
428 verbose link bins [ { sleep: './bin/sleep',
428 verbose link bins     sleepuv: './bin/sleep',
428 verbose link bins     usleep: './bin/sleep',
428 verbose link bins     usleepuv: './bin/sleep' },
428 verbose link bins   'C:\\Users\\JW\\Desktop\\GetChristieAHome\\node_modules\\.bin',
428 verbose link bins   false ]
429 verbose linkMans sleep@4.0.0
430 silly build twilio@2.11.0
431 info linkStuff twilio@2.11.0
432 silly linkStuff twilio@2.11.0 has C:\Users\JW\Desktop\GetChristieAHome\node_modules as its parent node_modules
433 verbose linkBins twilio@2.11.0
434 verbose linkMans twilio@2.11.0
435 silly doSerial global-link 0
436 silly doParallel update-linked 0
437 silly doSerial install 3
438 silly install nan@2.4.0 C:\Users\JW\Desktop\GetChristieAHome\node_modules\.staging\nan-e723331d
439 info lifecycle nan@2.4.0~install: nan@2.4.0
440 silly lifecycle nan@2.4.0~install: no script for install, continuing
441 silly install sleep@4.0.0 C:\Users\JW\Desktop\GetChristieAHome\node_modules\.staging\sleep-f3787557
442 info lifecycle sleep@4.0.0~install: sleep@4.0.0
443 verbose lifecycle sleep@4.0.0~install: unsafe-perm in lifecycle true
444 verbose lifecycle sleep@4.0.0~install: PATH: C:\Program Files\nodejs\node_modules\npm\bin\node-gyp-bin;C:\Users\JW\Desktop\GetChristieAHome\node_modules\sleep\node_modules\.bin;C:\Users\JW\Desktop\GetChristieAHome\node_modules\.bin;C:\Program Files\nodejs;C:\ProgramData\Oracle\Java\javapath;C:\Program Files\Java\jdk1.8.0_92\bin;C:\Program Files (x86)\OpenSSH\bin;C:\Windows\System32\;C:\Program Files\nodejs\;C:\Program Files (x86)\Skype\Phone\;C:\Program Files (x86)\Intel\Platform Flash Tool Lite;C:\WINDOWS\system32;C:\WINDOWS;C:\WINDOWS\System32\Wbem;C:\WINDOWS\System32\WindowsPowerShell\v1.0\;C:\Program Files (x86)\NVIDIA Corporation\PhysX\Common;F:\RailsInstaller\Git\cmd;F:\RailsInstaller\Ruby2.2.0\bin;C:\Users\JW\AppData\Local\Programs\Python\Python35\Scripts\;C:\Users\JW\AppData\Local\Programs\Python\Python35\;C:\Ruby22-x64\bin;C:\Ruby22\bin;C:\Users\JW\AppData\Local\atom\bin;C:\Program Files (x86)\Graphviz2.38\bin;C:\Python27;C:\Program Files\MongoDB\Server\3.2\bin\mongo.exe;C:\Program Files\MongoDB\Server\3.2\bin\mongod.exe;C:\Windows\System32\;C:\Users\JW\AppData\Roaming\npm;%USERPROFILE%\AppData\Local\Microsoft\WindowsApps;
445 verbose lifecycle sleep@4.0.0~install: CWD: C:\Users\JW\Desktop\GetChristieAHome\node_modules\sleep
446 silly lifecycle sleep@4.0.0~install: Args: [ '/d /s /c', 'node-gyp rebuild' ]
447 silly lifecycle sleep@4.0.0~install: Returned: code: 1  signal: null
448 info lifecycle sleep@4.0.0~install: Failed to exec install script
449 verbose unlock done using C:\Users\JW\AppData\Roaming\npm-cache\_locks\staging-aed0db0906ff11d9.lock for C:\Users\JW\Desktop\GetChristieAHome\node_modules\.staging
450 silly rollbackFailedOptional Starting
451 silly rollbackFailedOptional Finishing
452 silly runTopLevelLifecycles Starting
453 silly runTopLevelLifecycles Finishing
454 silly install printInstalled
455 warn getchristieahome-backend@1.0.0 No description
456 verbose stack Error: sleep@4.0.0 install: `node-gyp rebuild`
456 verbose stack Exit status 1
456 verbose stack     at EventEmitter.<anonymous> (C:\Program Files\nodejs\node_modules\npm\lib\utils\lifecycle.js:245:16)
456 verbose stack     at emitTwo (events.js:106:13)
456 verbose stack     at EventEmitter.emit (events.js:191:7)
456 verbose stack     at ChildProcess.<anonymous> (C:\Program Files\nodejs\node_modules\npm\lib\utils\spawn.js:24:14)
456 verbose stack     at emitTwo (events.js:106:13)
456 verbose stack     at ChildProcess.emit (events.js:191:7)
456 verbose stack     at maybeClose (internal/child_process.js:852:16)
456 verbose stack     at Process.ChildProcess._handle.onexit (internal/child_process.js:215:5)
457 verbose pkgid sleep@4.0.0
458 verbose cwd C:\Users\JW\Desktop\GetChristieAHome
459 error Windows_NT 10.0.14393
460 error argv "C:\\Program Files\\nodejs\\node.exe" "C:\\Program Files\\nodejs\\node_modules\\npm\\bin\\npm-cli.js" "install" "sleep" "--save"
461 error node v6.2.1
462 error npm  v3.9.3
463 error code ELIFECYCLE
464 error sleep@4.0.0 install: `node-gyp rebuild`
464 error Exit status 1
465 error Failed at the sleep@4.0.0 install script 'node-gyp rebuild'.
465 error Make sure you have the latest version of node.js and npm installed.
465 error If you do, this is most likely a problem with the sleep package,
465 error not with npm itself.
465 error Tell the author that this fails on your system:
465 error     node-gyp rebuild
465 error You can get information on how to open an issue for this project with:
465 error     npm bugs sleep
465 error Or if that isn't available, you can get their info via:
465 error     npm owner ls sleep
465 error There is likely additional logging output above.
466 verbose exit [ 1, true ]
